============================================================
CSV STRUCTURE VERIFICATION
============================================================

Total rows in final_results.csv: 24

Actual columns (22):
   1. phase
   2. dataset
   3. model_type
   4. width_factor
   5. depth
   6. poison_ratio
   7. poison_type
   8. alpha
   9. data_ordering
  10. aggregator
  11. batch_size
  12. mean_test_acc
  13. std_test_acc
  14. mean_test_loss
  15. std_test_loss
  16. mean_val_acc
  17. std_val_acc
  18. mean_val_loss
  19. std_val_loss
  20. num_parameters
  21. best_epoch
  22. seed

Expected columns (22):
   1. phase
   2. dataset
   3. model_type
   4. width_factor
   5. depth
   6. poison_ratio
   7. poison_type
   8. alpha
   9. data_ordering
  10. aggregator
  11. batch_size
  12. mean_test_acc
  13. std_test_acc
  14. mean_test_loss
  15. std_test_loss
  16. mean_val_acc
  17. std_val_acc
  18. mean_val_loss
  19. std_val_loss
  20. num_parameters
  21. best_epoch
  22. seed

============================================================
COMPARISON
============================================================
Traceback (most recent call last):
  File "C:\github\poisoning_attack_analysis\verify_csv_structure.py", line 61, in <module>
    print("\n\u2705 PERFECT MATCH! All columns match exactly.")
    ~~~~~^^^^^^^^^^^^^^^^^^^^^^^^^^^^^^^^^^^^^^^^^^^^^^^^^^
  File "C:\Python313\Lib\encodings\cp1252.py", line 19, in encode
    return codecs.charmap_encode(input,self.errors,encoding_table)[0]
           ~~~~~~~~~~~~~~~~~~~~~^^^^^^^^^^^^^^^^^^^^^^^^^^^^^^^^^^
UnicodeEncodeError: 'charmap' codec can't encode character '\u2705' in position 2: character maps to <undefined>

During handling of the above exception, another exception occurred:

Traceback (most recent call last):
  File "C:\github\poisoning_attack_analysis\verify_csv_structure.py", line 87, in <module>
    print(f"\n\u274c Error reading CSV: {e}")
    ~~~~~^^^^^^^^^^^^^^^^^^^^^^^^^^^^^^^^
  File "C:\Python313\Lib\encodings\cp1252.py", line 19, in encode
    return codecs.charmap_encode(input,self.errors,encoding_table)[0]
           ~~~~~~~~~~~~~~~~~~~~~^^^^^^^^^^^^^^^^^^^^^^^^^^^^^^^^^^
UnicodeEncodeError: 'charmap' codec can't encode character '\u274c' in position 2: character maps to <undefined>
